{"/mnt/hkrdata/src/todoApp/src/actions.js": {"path":"/mnt/hkrdata/src/todoApp/src/actions.js","statementMap":{"0":{"start":{"line":2,"column":23},"end":{"line":7,"column":2}},"1":{"start":{"line":2,"column":34},"end":{"line":7,"column":1}},"2":{"start":{"line":9,"column":24},"end":{"line":15,"column":2}},"3":{"start":{"line":9,"column":39},"end":{"line":15,"column":1}},"4":{"start":{"line":17,"column":26},"end":{"line":22,"column":2}},"5":{"start":{"line":17,"column":35},"end":{"line":22,"column":1}},"6":{"start":{"line":24,"column":26},"end":{"line":29,"column":2}},"7":{"start":{"line":24,"column":33},"end":{"line":29,"column":1}}},"fnMap":{"0":{"name":"(anonymous_0)","decl":{"start":{"line":2,"column":23},"end":{"line":2,"column":24}},"loc":{"start":{"line":2,"column":34},"end":{"line":7,"column":1}},"line":2},"1":{"name":"(anonymous_1)","decl":{"start":{"line":9,"column":24},"end":{"line":9,"column":25}},"loc":{"start":{"line":9,"column":39},"end":{"line":15,"column":1}},"line":9},"2":{"name":"(anonymous_2)","decl":{"start":{"line":17,"column":26},"end":{"line":17,"column":27}},"loc":{"start":{"line":17,"column":35},"end":{"line":22,"column":1}},"line":17},"3":{"name":"(anonymous_3)","decl":{"start":{"line":24,"column":26},"end":{"line":24,"column":27}},"loc":{"start":{"line":24,"column":33},"end":{"line":29,"column":1}},"line":24}},"branchMap":{},"s":{"0":1,"1":0,"2":1,"3":0,"4":1,"5":0,"6":1,"7":0},"f":{"0":0,"1":0,"2":0,"3":0},"b":{},"_coverageSchema":"1a1c01bbd47fc00a2c39e90264f33305004495a9","hash":"14588f7a73cd6e820ebe8db624bf0f86e2062bb9"}
,"/mnt/hkrdata/src/todoApp/src/components.jsx": {"path":"/mnt/hkrdata/src/todoApp/src/components.jsx","statementMap":{"0":{"start":{"line":13,"column":21},"end":{"line":15,"column":1}},"1":{"start":{"line":18,"column":17},"end":{"line":27,"column":1}},"2":{"start":{"line":20,"column":1},"end":{"line":26,"column":2}},"3":{"start":{"line":23,"column":4},"end":{"line":23,"column":31}},"4":{"start":{"line":30,"column":17},"end":{"line":32,"column":1}},"5":{"start":{"line":31,"column":16},"end":{"line":31,"column":29}},"6":{"start":{"line":35,"column":12},"end":{"line":89,"column":1}},"7":{"start":{"line":36,"column":16},"end":{"line":36,"column":29}},"8":{"start":{"line":37,"column":13},"end":{"line":37,"column":46}},"9":{"start":{"line":37,"column":34},"end":{"line":37,"column":45}},"10":{"start":{"line":38,"column":15},"end":{"line":38,"column":50}},"11":{"start":{"line":38,"column":36},"end":{"line":38,"column":49}},"12":{"start":{"line":40,"column":31},"end":{"line":40,"column":43}},"13":{"start":{"line":42,"column":1},"end":{"line":49,"column":3}},"14":{"start":{"line":43,"column":2},"end":{"line":48,"column":4}},"15":{"start":{"line":44,"column":3},"end":{"line":47,"column":11}},"16":{"start":{"line":45,"column":4},"end":{"line":45,"column":23}},"17":{"start":{"line":46,"column":4},"end":{"line":46,"column":9}},"18":{"start":{"line":51,"column":19},"end":{"line":53,"column":2}},"19":{"start":{"line":52,"column":2},"end":{"line":52,"column":26}},"20":{"start":{"line":55,"column":18},"end":{"line":57,"column":3}},"21":{"start":{"line":56,"column":2},"end":{"line":56,"column":72}},"22":{"start":{"line":56,"column":35},"end":{"line":56,"column":53}},"23":{"start":{"line":59,"column":17},"end":{"line":61,"column":2}},"24":{"start":{"line":60,"column":2},"end":{"line":60,"column":29}},"25":{"start":{"line":63,"column":18},"end":{"line":66,"column":2}},"26":{"start":{"line":64,"column":2},"end":{"line":64,"column":29}},"27":{"start":{"line":65,"column":2},"end":{"line":65,"column":17}},"28":{"start":{"line":68,"column":1},"end":{"line":88,"column":2}}},"fnMap":{"0":{"name":"(anonymous_0)","decl":{"start":{"line":13,"column":21},"end":{"line":13,"column":22}},"loc":{"start":{"line":13,"column":27},"end":{"line":15,"column":1}},"line":13},"1":{"name":"(anonymous_1)","decl":{"start":{"line":18,"column":17},"end":{"line":18,"column":18}},"loc":{"start":{"line":18,"column":23},"end":{"line":27,"column":1}},"line":18},"2":{"name":"(anonymous_2)","decl":{"start":{"line":22,"column":14},"end":{"line":22,"column":15}},"loc":{"start":{"line":23,"column":4},"end":{"line":23,"column":31}},"line":23},"3":{"name":"(anonymous_3)","decl":{"start":{"line":30,"column":17},"end":{"line":30,"column":18}},"loc":{"start":{"line":30,"column":23},"end":{"line":32,"column":1}},"line":30},"4":{"name":"(anonymous_4)","decl":{"start":{"line":35,"column":12},"end":{"line":35,"column":13}},"loc":{"start":{"line":35,"column":18},"end":{"line":89,"column":1}},"line":35},"5":{"name":"(anonymous_5)","decl":{"start":{"line":37,"column":25},"end":{"line":37,"column":26}},"loc":{"start":{"line":37,"column":34},"end":{"line":37,"column":45}},"line":37},"6":{"name":"(anonymous_6)","decl":{"start":{"line":38,"column":27},"end":{"line":38,"column":28}},"loc":{"start":{"line":38,"column":36},"end":{"line":38,"column":49}},"line":38},"7":{"name":"(anonymous_7)","decl":{"start":{"line":42,"column":11},"end":{"line":42,"column":12}},"loc":{"start":{"line":42,"column":23},"end":{"line":49,"column":2}},"line":42},"8":{"name":"(anonymous_8)","decl":{"start":{"line":43,"column":20},"end":{"line":43,"column":21}},"loc":{"start":{"line":43,"column":34},"end":{"line":48,"column":3}},"line":43},"9":{"name":"(anonymous_9)","decl":{"start":{"line":44,"column":14},"end":{"line":44,"column":15}},"loc":{"start":{"line":44,"column":20},"end":{"line":47,"column":4}},"line":44},"10":{"name":"(anonymous_10)","decl":{"start":{"line":51,"column":19},"end":{"line":51,"column":20}},"loc":{"start":{"line":51,"column":25},"end":{"line":53,"column":2}},"line":51},"11":{"name":"(anonymous_11)","decl":{"start":{"line":55,"column":28},"end":{"line":55,"column":29}},"loc":{"start":{"line":56,"column":2},"end":{"line":56,"column":72}},"line":56},"12":{"name":"(anonymous_12)","decl":{"start":{"line":56,"column":29},"end":{"line":56,"column":30}},"loc":{"start":{"line":56,"column":35},"end":{"line":56,"column":53}},"line":56},"13":{"name":"(anonymous_13)","decl":{"start":{"line":59,"column":17},"end":{"line":59,"column":18}},"loc":{"start":{"line":59,"column":22},"end":{"line":61,"column":2}},"line":59},"14":{"name":"(anonymous_14)","decl":{"start":{"line":63,"column":18},"end":{"line":63,"column":19}},"loc":{"start":{"line":63,"column":24},"end":{"line":66,"column":2}},"line":63}},"branchMap":{},"s":{"0":1,"1":1,"2":0,"3":0,"4":1,"5":0,"6":1,"7":1,"8":1,"9":2,"10":1,"11":2,"12":1,"13":1,"14":1,"15":1,"16":0,"17":0,"18":1,"19":0,"20":1,"21":0,"22":0,"23":1,"24":0,"25":1,"26":0,"27":0,"28":1},"f":{"0":0,"1":0,"2":0,"3":0,"4":1,"5":2,"6":2,"7":1,"8":1,"9":0,"10":0,"11":0,"12":0,"13":0,"14":0},"b":{},"_coverageSchema":"1a1c01bbd47fc00a2c39e90264f33305004495a9","hash":"44455e3602a479a280fd35c4b84e1982053209a7"}
,"/mnt/hkrdata/src/todoApp/src/reducers.js": {"path":"/mnt/hkrdata/src/todoApp/src/reducers.js","statementMap":{"0":{"start":{"line":3,"column":19},"end":{"line":6,"column":1}},"1":{"start":{"line":4,"column":15},"end":{"line":4,"column":76}},"2":{"start":{"line":4,"column":49},"end":{"line":4,"column":71}},"3":{"start":{"line":5,"column":1},"end":{"line":5,"column":17}},"4":{"start":{"line":8,"column":21},"end":{"line":15,"column":1}},"5":{"start":{"line":17,"column":16},"end":{"line":70,"column":1}},"6":{"start":{"line":18,"column":1},"end":{"line":69,"column":2}},"7":{"start":{"line":20,"column":3},"end":{"line":30,"column":4}},"8":{"start":{"line":32,"column":3},"end":{"line":42,"column":4}},"9":{"start":{"line":35,"column":32},"end":{"line":35,"column":58}},"10":{"start":{"line":44,"column":3},"end":{"line":49,"column":4}},"11":{"start":{"line":47,"column":32},"end":{"line":47,"column":58}},"12":{"start":{"line":51,"column":16},"end":{"line":51,"column":64}},"13":{"start":{"line":51,"column":38},"end":{"line":51,"column":63}},"14":{"start":{"line":52,"column":3},"end":{"line":61,"column":4}},"15":{"start":{"line":55,"column":32},"end":{"line":55,"column":58}},"16":{"start":{"line":63,"column":3},"end":{"line":66,"column":4}},"17":{"start":{"line":68,"column":3},"end":{"line":68,"column":15}}},"fnMap":{"0":{"name":"(anonymous_0)","decl":{"start":{"line":3,"column":19},"end":{"line":3,"column":20}},"loc":{"start":{"line":3,"column":28},"end":{"line":6,"column":1}},"line":3},"1":{"name":"(anonymous_1)","decl":{"start":{"line":4,"column":34},"end":{"line":4,"column":35}},"loc":{"start":{"line":4,"column":49},"end":{"line":4,"column":71}},"line":4},"2":{"name":"(anonymous_2)","decl":{"start":{"line":17,"column":16},"end":{"line":17,"column":17}},"loc":{"start":{"line":17,"column":50},"end":{"line":70,"column":1}},"line":17},"3":{"name":"(anonymous_3)","decl":{"start":{"line":35,"column":27},"end":{"line":35,"column":28}},"loc":{"start":{"line":35,"column":32},"end":{"line":35,"column":58}},"line":35},"4":{"name":"(anonymous_4)","decl":{"start":{"line":47,"column":27},"end":{"line":47,"column":28}},"loc":{"start":{"line":47,"column":32},"end":{"line":47,"column":58}},"line":47},"5":{"name":"(anonymous_5)","decl":{"start":{"line":51,"column":33},"end":{"line":51,"column":34}},"loc":{"start":{"line":51,"column":38},"end":{"line":51,"column":63}},"line":51},"6":{"name":"(anonymous_6)","decl":{"start":{"line":55,"column":27},"end":{"line":55,"column":28}},"loc":{"start":{"line":55,"column":32},"end":{"line":55,"column":58}},"line":55}},"branchMap":{"0":{"loc":{"start":{"line":17,"column":17},"end":{"line":17,"column":37}},"type":"default-arg","locations":[{"start":{"line":17,"column":25},"end":{"line":17,"column":37}}],"line":17},"1":{"loc":{"start":{"line":18,"column":1},"end":{"line":69,"column":2}},"type":"switch","locations":[{"start":{"line":19,"column":2},"end":{"line":30,"column":4}},{"start":{"line":31,"column":2},"end":{"line":42,"column":4}},{"start":{"line":43,"column":2},"end":{"line":49,"column":4}},{"start":{"line":50,"column":2},"end":{"line":61,"column":4}},{"start":{"line":62,"column":2},"end":{"line":66,"column":4}},{"start":{"line":67,"column":2},"end":{"line":68,"column":15}}],"line":18}},"s":{"0":1,"1":0,"2":0,"3":0,"4":1,"5":1,"6":1,"7":0,"8":0,"9":0,"10":0,"11":0,"12":0,"13":0,"14":0,"15":0,"16":0,"17":1},"f":{"0":0,"1":0,"2":1,"3":0,"4":0,"5":0,"6":0},"b":{"0":[0],"1":[0,0,0,0,0,1]},"_coverageSchema":"1a1c01bbd47fc00a2c39e90264f33305004495a9","hash":"5a9a2f05f6ccf162db721d9e01a09bb3830f389f"}
,"/mnt/hkrdata/src/todoApp/src/sagas.js": {"path":"/mnt/hkrdata/src/todoApp/src/sagas.js","statementMap":{"0":{"start":{"line":4,"column":13},"end":{"line":4,"column":40}},"1":{"start":{"line":6,"column":12},"end":{"line":10,"column":1}},"2":{"start":{"line":8,"column":2},"end":{"line":8,"column":28}},"3":{"start":{"line":14,"column":1},"end":{"line":16,"column":2}},"4":{"start":{"line":15,"column":2},"end":{"line":15,"column":8}},"5":{"start":{"line":18,"column":1},"end":{"line":18,"column":70}},"6":{"start":{"line":23,"column":15},"end":{"line":25,"column":26}},"7":{"start":{"line":24,"column":16},"end":{"line":24,"column":26}},"8":{"start":{"line":25,"column":16},"end":{"line":25,"column":25}},"9":{"start":{"line":26,"column":1},"end":{"line":26,"column":50}},"10":{"start":{"line":31,"column":14},"end":{"line":39,"column":2}},"11":{"start":{"line":41,"column":15},"end":{"line":47,"column":4}},"12":{"start":{"line":51,"column":1},"end":{"line":53,"column":2}},"13":{"start":{"line":52,"column":2},"end":{"line":52,"column":43}},"14":{"start":{"line":57,"column":1},"end":{"line":57,"column":39}},"15":{"start":{"line":58,"column":1},"end":{"line":58,"column":39}}},"fnMap":{"0":{"name":"(anonymous_0)","decl":{"start":{"line":7,"column":7},"end":{"line":7,"column":8}},"loc":{"start":{"line":7,"column":15},"end":{"line":9,"column":2}},"line":7},"1":{"name":"alertTodo","decl":{"start":{"line":13,"column":17},"end":{"line":13,"column":26}},"loc":{"start":{"line":13,"column":35},"end":{"line":19,"column":1}},"line":13},"2":{"name":"fetchTodos","decl":{"start":{"line":22,"column":17},"end":{"line":22,"column":27}},"loc":{"start":{"line":22,"column":36},"end":{"line":27,"column":1}},"line":22},"3":{"name":"(anonymous_3)","decl":{"start":{"line":24,"column":9},"end":{"line":24,"column":10}},"loc":{"start":{"line":24,"column":16},"end":{"line":24,"column":26}},"line":24},"4":{"name":"(anonymous_4)","decl":{"start":{"line":25,"column":9},"end":{"line":25,"column":10}},"loc":{"start":{"line":25,"column":16},"end":{"line":25,"column":25}},"line":25},"5":{"name":"postTodo","decl":{"start":{"line":30,"column":17},"end":{"line":30,"column":25}},"loc":{"start":{"line":30,"column":34},"end":{"line":48,"column":1}},"line":30},"6":{"name":"sendHello","decl":{"start":{"line":50,"column":10},"end":{"line":50,"column":19}},"loc":{"start":{"line":50,"column":28},"end":{"line":54,"column":1}},"line":50},"7":{"name":"mySaga","decl":{"start":{"line":56,"column":10},"end":{"line":56,"column":16}},"loc":{"start":{"line":56,"column":19},"end":{"line":61,"column":1}},"line":56}},"branchMap":{"0":{"loc":{"start":{"line":14,"column":1},"end":{"line":16,"column":2}},"type":"if","locations":[{"start":{"line":14,"column":1},"end":{"line":16,"column":2}},{"start":{"line":14,"column":1},"end":{"line":16,"column":2}}],"line":14},"1":{"loc":{"start":{"line":51,"column":1},"end":{"line":53,"column":2}},"type":"if","locations":[{"start":{"line":51,"column":1},"end":{"line":53,"column":2}},{"start":{"line":51,"column":1},"end":{"line":53,"column":2}}],"line":51}},"s":{"0":1,"1":1,"2":2,"3":2,"4":1,"5":1,"6":0,"7":0,"8":0,"9":0,"10":0,"11":0,"12":2,"13":2,"14":1,"15":1},"f":{"0":2,"1":2,"2":0,"3":0,"4":0,"5":0,"6":2,"7":1},"b":{"0":[1,1],"1":[2,0]},"_coverageSchema":"1a1c01bbd47fc00a2c39e90264f33305004495a9","hash":"559e94738bcb826a26ee6ba86079613414d4fad8"}
}
