TN:
SF:src/actions.js
FN:2,(anonymous_0)
FN:9,(anonymous_1)
FN:17,(anonymous_2)
FN:24,(anonymous_3)
FNF:4
FNH:0
FNDA:0,(anonymous_0)
FNDA:0,(anonymous_1)
FNDA:0,(anonymous_2)
FNDA:0,(anonymous_3)
DA:2,1
DA:9,1
DA:17,1
DA:24,1
LF:4
LH:4
BRF:0
BRH:0
end_of_record
TN:
SF:src/components.jsx
FN:13,(anonymous_0)
FN:18,(anonymous_1)
FN:22,(anonymous_2)
FN:30,(anonymous_3)
FN:35,(anonymous_4)
FN:37,(anonymous_5)
FN:38,(anonymous_6)
FN:42,(anonymous_7)
FN:43,(anonymous_8)
FN:44,(anonymous_9)
FN:51,(anonymous_10)
FN:55,(anonymous_11)
FN:56,(anonymous_12)
FN:59,(anonymous_13)
FN:63,(anonymous_14)
FNF:15
FNH:5
FNDA:0,(anonymous_0)
FNDA:0,(anonymous_1)
FNDA:0,(anonymous_2)
FNDA:0,(anonymous_3)
FNDA:1,(anonymous_4)
FNDA:2,(anonymous_5)
FNDA:2,(anonymous_6)
FNDA:1,(anonymous_7)
FNDA:1,(anonymous_8)
FNDA:0,(anonymous_9)
FNDA:0,(anonymous_10)
FNDA:0,(anonymous_11)
FNDA:0,(anonymous_12)
FNDA:0,(anonymous_13)
FNDA:0,(anonymous_14)
DA:13,1
DA:18,1
DA:20,0
DA:23,0
DA:30,1
DA:31,0
DA:35,1
DA:36,1
DA:37,2
DA:38,2
DA:40,1
DA:42,1
DA:43,1
DA:44,1
DA:45,0
DA:46,0
DA:51,1
DA:52,0
DA:55,1
DA:56,0
DA:59,1
DA:60,0
DA:63,1
DA:64,0
DA:65,0
DA:68,1
LF:26
LH:16
BRF:0
BRH:0
end_of_record
TN:
SF:src/reducers.js
FN:3,(anonymous_0)
FN:4,(anonymous_1)
FN:17,(anonymous_2)
FN:35,(anonymous_3)
FN:47,(anonymous_4)
FN:51,(anonymous_5)
FN:55,(anonymous_6)
FNF:7
FNH:1
FNDA:0,(anonymous_0)
FNDA:0,(anonymous_1)
FNDA:1,(anonymous_2)
FNDA:0,(anonymous_3)
FNDA:0,(anonymous_4)
FNDA:0,(anonymous_5)
FNDA:0,(anonymous_6)
DA:3,1
DA:4,0
DA:5,0
DA:8,1
DA:17,1
DA:18,1
DA:20,0
DA:32,0
DA:35,0
DA:44,0
DA:47,0
DA:51,0
DA:52,0
DA:55,0
DA:63,0
DA:68,1
LF:16
LH:5
BRDA:17,0,0,0
BRDA:18,1,0,0
BRDA:18,1,1,0
BRDA:18,1,2,0
BRDA:18,1,3,0
BRDA:18,1,4,0
BRDA:18,1,5,1
BRF:7
BRH:1
end_of_record
TN:
SF:src/sagas.js
FN:7,(anonymous_0)
FN:13,alertTodo
FN:22,fetchTodos
FN:24,(anonymous_3)
FN:25,(anonymous_4)
FN:30,postTodo
FN:50,sendHello
FN:56,mySaga
FNF:8
FNH:4
FNDA:2,(anonymous_0)
FNDA:2,alertTodo
FNDA:0,fetchTodos
FNDA:0,(anonymous_3)
FNDA:0,(anonymous_4)
FNDA:0,postTodo
FNDA:2,sendHello
FNDA:1,mySaga
DA:4,1
DA:6,1
DA:8,2
DA:14,2
DA:15,1
DA:18,1
DA:23,0
DA:24,0
DA:25,0
DA:26,0
DA:31,0
DA:41,0
DA:51,2
DA:52,2
DA:57,1
DA:58,1
LF:16
LH:10
BRDA:14,0,0,1
BRDA:14,0,1,1
BRDA:51,1,0,2
BRDA:51,1,1,0
BRF:4
BRH:3
end_of_record
